[0.570s] Invoking command in '/home/robotzan/ros2_ws/src/robotik_kol': PYTHONPATH=/home/robotzan/ros2_ws/build/robotik_kol/prefix_override:/usr/lib/python3/dist-packages/colcon_core/task/python/colcon_distutils_commands:/home/robotzan/ros2_ws/install/robotik_kol/lib/python3.10/site-packages:${PYTHONPATH} /usr/bin/python3 -W ignore:setup.py install is deprecated -W ignore:easy_install command is deprecated setup.py egg_info --egg-base ../../build/robotik_kol build --build-base /home/robotzan/ros2_ws/build/robotik_kol/build install --record /home/robotzan/ros2_ws/build/robotik_kol/install.log --single-version-externally-managed install_data
[0.703s] running egg_info
[0.704s] creating ../../build/robotik_kol/robotik_kol.egg-info
[0.704s] writing ../../build/robotik_kol/robotik_kol.egg-info/PKG-INFO
[0.704s] writing dependency_links to ../../build/robotik_kol/robotik_kol.egg-info/dependency_links.txt
[0.705s] writing entry points to ../../build/robotik_kol/robotik_kol.egg-info/entry_points.txt
[0.705s] writing requirements to ../../build/robotik_kol/robotik_kol.egg-info/requires.txt
[0.705s] writing top-level names to ../../build/robotik_kol/robotik_kol.egg-info/top_level.txt
[0.705s] writing manifest file '../../build/robotik_kol/robotik_kol.egg-info/SOURCES.txt'
[0.706s] reading manifest file '../../build/robotik_kol/robotik_kol.egg-info/SOURCES.txt'
[0.706s] writing manifest file '../../build/robotik_kol/robotik_kol.egg-info/SOURCES.txt'
[0.707s] running build
[0.707s] running build_py
[0.707s] creating /home/robotzan/ros2_ws/build/robotik_kol/build
[0.707s] creating /home/robotzan/ros2_ws/build/robotik_kol/build/lib
[0.707s] creating /home/robotzan/ros2_ws/build/robotik_kol/build/lib/robotik_kol
[0.707s] copying robotik_kol/publisher_node.py -> /home/robotzan/ros2_ws/build/robotik_kol/build/lib/robotik_kol
[0.708s] copying robotik_kol/__init__.py -> /home/robotzan/ros2_ws/build/robotik_kol/build/lib/robotik_kol
[0.708s] running install
[0.708s] running install_lib
[0.709s] creating /home/robotzan/ros2_ws/install/robotik_kol/lib/python3.10/site-packages/robotik_kol
[0.709s] copying /home/robotzan/ros2_ws/build/robotik_kol/build/lib/robotik_kol/publisher_node.py -> /home/robotzan/ros2_ws/install/robotik_kol/lib/python3.10/site-packages/robotik_kol
[0.709s] copying /home/robotzan/ros2_ws/build/robotik_kol/build/lib/robotik_kol/__init__.py -> /home/robotzan/ros2_ws/install/robotik_kol/lib/python3.10/site-packages/robotik_kol
[0.709s] byte-compiling /home/robotzan/ros2_ws/install/robotik_kol/lib/python3.10/site-packages/robotik_kol/publisher_node.py to publisher_node.cpython-310.pyc
[0.709s] byte-compiling /home/robotzan/ros2_ws/install/robotik_kol/lib/python3.10/site-packages/robotik_kol/__init__.py to __init__.cpython-310.pyc
[0.710s] running install_data
[0.710s] creating /home/robotzan/ros2_ws/install/robotik_kol/share/ament_index
[0.710s] creating /home/robotzan/ros2_ws/install/robotik_kol/share/ament_index/resource_index
[0.710s] creating /home/robotzan/ros2_ws/install/robotik_kol/share/ament_index/resource_index/packages
[0.710s] copying resource/robotik_kol -> /home/robotzan/ros2_ws/install/robotik_kol/share/ament_index/resource_index/packages
[0.710s] copying package.xml -> /home/robotzan/ros2_ws/install/robotik_kol/share/robotik_kol
[0.710s] running install_egg_info
[0.712s] Copying ../../build/robotik_kol/robotik_kol.egg-info to /home/robotzan/ros2_ws/install/robotik_kol/lib/python3.10/site-packages/robotik_kol-0.0.0-py3.10.egg-info
[0.712s] running install_scripts
[0.726s] writing list of installed files to '/home/robotzan/ros2_ws/build/robotik_kol/install.log'
[0.742s] Invoked command in '/home/robotzan/ros2_ws/src/robotik_kol' returned '0': PYTHONPATH=/home/robotzan/ros2_ws/build/robotik_kol/prefix_override:/usr/lib/python3/dist-packages/colcon_core/task/python/colcon_distutils_commands:/home/robotzan/ros2_ws/install/robotik_kol/lib/python3.10/site-packages:${PYTHONPATH} /usr/bin/python3 -W ignore:setup.py install is deprecated -W ignore:easy_install command is deprecated setup.py egg_info --egg-base ../../build/robotik_kol build --build-base /home/robotzan/ros2_ws/build/robotik_kol/build install --record /home/robotzan/ros2_ws/build/robotik_kol/install.log --single-version-externally-managed install_data
